#
# There is insufficient memory for the Java Runtime Environment to continue.
# Native memory allocation (malloc) failed to allocate 1048576 bytes for AllocateHeap
# Possible reasons:
#   The system is out of physical RAM or swap space
#   The process is running with CompressedOops enabled, and the Java Heap may be blocking the growth of the native heap
# Possible solutions:
#   Reduce memory load on the system
#   Increase physical memory or swap space
#   Check if swap backing store is full
#   Decrease Java heap size (-Xmx/-Xms)
#   Decrease number of Java threads
#   Decrease Java thread stack sizes (-Xss)
#   Set larger code cache with -XX:ReservedCodeCacheSize=
#   JVM is running with Unscaled Compressed Oops mode in which the Java heap is
#     placed in the first 4GB address space. The Java Heap base address is the
#     maximum limit for the native heap growth. Please use -XX:HeapBaseMinAddress
#     to set the Java Heap base and to place the Java Heap above 4GB virtual address.
# This output file may be truncated or incomplete.
#
#  Out of Memory Error (memory/allocation.inline.hpp:61), pid=8776, tid=0x0000000000002268
#
# JRE version:  (8.0_212-b04) (build )
# Java VM: OpenJDK 64-Bit Server VM (25.212-b04 mixed mode windows-amd64 compressed oops)
# Failed to write core dump. Minidumps are not enabled by default on client versions of Windows
#

---------------  T H R E A D  ---------------

Current thread (0x000000000310d800):  JavaThread "Unknown thread" [_thread_in_vm, id=8808, stack(0x0000000002e00000,0x0000000002f00000)]

Stack: [0x0000000002e00000,0x0000000002f00000]
[error occurred during error reporting (printing stack bounds), id 0xc0000005]

Native frames: (J=compiled Java code, j=interpreted, Vv=VM code, C=native code)


---------------  P R O C E S S  ---------------

Java Threads: ( => current thread )

Other Threads:

=>0x000000000310d800 (exited) JavaThread "Unknown thread" [_thread_in_vm, id=8808, stack(0x0000000002e00000,0x0000000002f00000)]

VM state:not at safepoint (normal execution)

VM Mutex/Monitor currently owned by a thread: None

heap address: 0x0000000081a00000, size: 2022 MB, Compressed Oops mode: 32-bit
Narrow klass base: 0x0000000000000000, Narrow klass shift: 3
Compressed class space size: 1073741824 Address: 0x0000000100000000

Heap:
 PSYoungGen      total 38400K, used 665K [0x00000000d5e00000, 0x00000000d8880000, 0x0000000100000000)
  eden space 33280K, 2% used [0x00000000d5e00000,0x00000000d5ea6670,0x00000000d7e80000)
  from space 5120K, 0% used [0x00000000d8380000,0x00000000d8380000,0x00000000d8880000)
  to   space 5120K, 0% used [0x00000000d7e80000,0x00000000d7e80000,0x00000000d8380000)
 ParOldGen       total 87552K, used 0K [0x0000000081a00000, 0x0000000086f80000, 0x00000000d5e00000)
  object space 87552K, 0% used [0x0000000081a00000,0x0000000081a00000,0x0000000086f80000)
 Metaspace       used 778K, capacity 4480K, committed 4480K, reserved 1056768K
  class space    used 74K, capacity 384K, committed 384K, reserved 1048576K

Card table byte_map: [0x00000000124d0000,0x00000000128d0000] byte_map_base: 0x00000000120c3000

Marking Bits: (ParMarkBitMap*) 0x00000000721e9f30
 Begin Bits: [0x0000000013380000, 0x0000000015318000)
 End Bits:   [0x0000000015318000, 0x00000000172b0000)

Polling page: 0x0000000001600000

CodeCache: size=245760Kb used=328Kb max_used=328Kb free=245431Kb
 bounds [0x0000000003110000, 0x0000000003380000, 0x0000000012110000]
 total_blobs=57 nmethods=0 adapters=38
 compilation: enabled

Compilation events (0 events):
No events

GC Heap History (0 events):
No events

Deoptimization events (0 events):
No events

Classes redefined (0 events):
No events

Internal exceptions (0 events):
No events

Events (10 events):
Event: 0.019 loading class java/lang/Short
Event: 0.019 loading class java/lang/Short done
Event: 0.019 loading class java/lang/Integer
Event: 0.019 loading class java/lang/Integer done
Event: 0.019 loading class java/lang/Long
Event: 0.019 loading class java/lang/Long done
Event: 0.020 loading class java/lang/NullPointerException
Event: 0.020 loading class java/lang/NullPointerException done
Event: 0.020 loading class java/lang/ArithmeticException
Event: 0.020 loading class java/lang/ArithmeticException done


Dynamic libraries:
0x00007ff697970000 - 0x00007ff6979a1000 	C:\Program Files\Android\Android Studio\jre\bin\java.EXE
0x00007ffd0c9b0000 - 0x00007ffd0cb9d000 	C:\Windows\SYSTEM32\ntdll.dll
0x00007ffd0c8c0000 - 0x00007ffd0c973000 	C:\Windows\System32\KERNEL32.DLL
0x00007ffd09270000 - 0x00007ffd09503000 	C:\Windows\System32\KERNELBASE.dll
0x00007ffd0c360000 - 0x00007ffd0c403000 	C:\Windows\System32\ADVAPI32.dll
0x00007ffd0c770000 - 0x00007ffd0c80e000 	C:\Windows\System32\msvcrt.dll
0x00007ffd09c60000 - 0x00007ffd09cfe000 	C:\Windows\System32\sechost.dll
0x00007ffd09d60000 - 0x00007ffd09e82000 	C:\Windows\System32\RPCRT4.dll
0x00007ffd0b420000 - 0x00007ffd0b5b7000 	C:\Windows\System32\USER32.dll
0x00007ffd09510000 - 0x00007ffd09530000 	C:\Windows\System32\win32u.dll
0x00007ffd0bf20000 - 0x00007ffd0bf49000 	C:\Windows\System32\GDI32.dll
0x00007ffd09a30000 - 0x00007ffd09bc9000 	C:\Windows\System32\gdi32full.dll
0x00007ffd09530000 - 0x00007ffd095d0000 	C:\Windows\System32\msvcp_win.dll
0x00007ffd09900000 - 0x00007ffd099fa000 	C:\Windows\System32\ucrtbase.dll
0x00007ffcfad80000 - 0x00007ffcfaff9000 	C:\Windows\WinSxS\amd64_microsoft.windows.common-controls_6595b64144ccf1df_6.0.17763.1098_none_de762ed45346ee8a\COMCTL32.dll
0x00007ffd0bf50000 - 0x00007ffd0c27c000 	C:\Windows\System32\combase.dll
0x00007ffd09680000 - 0x00007ffd096fe000 	C:\Windows\System32\bcryptPrimitives.dll
0x00007ffd0b390000 - 0x00007ffd0b3be000 	C:\Windows\System32\IMM32.DLL
0x0000000075220000 - 0x00000000752f2000 	C:\Program Files\Android\Android Studio\jre\jre\bin\msvcr100.dll
0x0000000071a20000 - 0x0000000072266000 	C:\Program Files\Android\Android Studio\jre\jre\bin\server\jvm.dll
0x00007ffd09bd0000 - 0x00007ffd09bd8000 	C:\Windows\System32\PSAPI.DLL
0x00007ffd06cb0000 - 0x00007ffd06cd4000 	C:\Windows\SYSTEM32\WINMM.dll
0x00007ffd04d90000 - 0x00007ffd04d99000 	C:\Windows\SYSTEM32\WSOCK32.dll
0x00007ffd0beb0000 - 0x00007ffd0bf1d000 	C:\Windows\System32\WS2_32.dll
0x00007ffd040e0000 - 0x00007ffd040ea000 	C:\Windows\SYSTEM32\VERSION.dll
0x00007ffd06a90000 - 0x00007ffd06abd000 	C:\Windows\SYSTEM32\WINMMBASE.dll
0x00007ffd095d0000 - 0x00007ffd0961a000 	C:\Windows\System32\cfgmgr32.dll
0x00007ffd05270000 - 0x00007ffd0527f000 	C:\Program Files\Android\Android Studio\jre\jre\bin\verify.dll
0x00007ffcfb800000 - 0x00007ffcfb829000 	C:\Program Files\Android\Android Studio\jre\jre\bin\java.dll
0x00007ffcfb2e0000 - 0x00007ffcfb2f6000 	C:\Program Files\Android\Android Studio\jre\jre\bin\zip.dll

VM Arguments:
java_command: <unknown>
java_class_path (initial): .
Launcher Type: SUN_STANDARD

Environment Variables:
PATH=C:\Program Files\Git\mingw64\bin;C:\Program Files\Git\usr\bin;C:\Users\G\bin;C:\Windows\system32;C:\Windows;C:\Windows\System32\Wbem;C:\Windows\System32\WindowsPowerShell\v1.0;C:\Windows\System32\OpenSSH;C:\Program Files (x86)\Intel\Intel(R) Management Engine Components\DAL;C:\Program Files\Intel\Intel(R) Management Engine Components\DAL;C:\Program Files\Git\cmd;C:\Program Files\nodejs;C:\Program Files\PuTTY;C:\Users\G\AppData\Local\Microsoft\WindowsApps;C:\Users\G\AppData\Local\Programs\Microsoft VS Code\bin;C:\Users\G\flutter\bin;C:\Users\G\AppData\Roaming\npm
USERNAME=G
OS=Windows_NT
PROCESSOR_IDENTIFIER=Intel64 Family 6 Model 142 Stepping 11, GenuineIntel



---------------  S Y S T E M  ---------------

OS: Windows 10.0 , 64 bit Build 17763 (10.0.17763.475)

CPU:total 8 (initial active 8) (4 cores per cpu, 2 threads per core) family 6 model 142 stepping 11, cmov, cx8, fxsr, mmx, sse, sse2, sse3, ssse3, sse4.1, sse4.2, popcnt, avx, avx2, aes, clmul, erms, 3dnowpref, lzcnt, ht, tsc, tscinvbit, bmi1, bmi2, adx

Memory: 4k page, physical 8277820k(551444k free), swap 17215160k(4748k free)

vm_info: OpenJDK 64-Bit Server VM (25.212-b04) for windows-amd64 JRE (1.8.0_212-release-1586-b04), built by "builder" with MS VC++ 10.0 (VS2010)

time: Sun Apr 05 16:36:47 2020
timezone: E. South America Standard Time
elapsed time: 0 seconds (0d 0h 0m 0s)

